2018-01-26 16:18:36,194 - WARNING - views.py - logout - 51 - 600116 logout
2018-01-26 16:19:15,100 - WARNING - views.py - login - 40 - 600116 login success
2018-01-26 16:54:16,174 - WARNING - views.py - logout - 51 - 600116 logout
2018-01-28 11:12:19,396 - WARNING - views.py - login - 40 - 600116 login success
2018-01-28 11:12:52,249 - WARNING - views.py - logout - 51 - 600116 logout
2018-01-31 10:44:07,553 - WARNING - views.py - login - 40 - 600116 login success
2018-01-31 10:44:23,683 - WARNING - views.py - InvoiceRegister - 108 - 600116 regist invoice 46321482 success
2018-01-31 10:55:24,989 - ERROR - app.py - log_exception - 1560 - Exception on /query [GET]
Traceback (most recent call last):
  File "c:\users\administrator\appdata\local\programs\python\python35\lib\site-packages\flask\app.py", line 1982, in wsgi_app
    response = self.full_dispatch_request()
  File "c:\users\administrator\appdata\local\programs\python\python35\lib\site-packages\flask\app.py", line 1614, in full_dispatch_request
    rv = self.handle_user_exception(e)
  File "c:\users\administrator\appdata\local\programs\python\python35\lib\site-packages\flask\app.py", line 1517, in handle_user_exception
    reraise(exc_type, exc_value, tb)
  File "c:\users\administrator\appdata\local\programs\python\python35\lib\site-packages\flask\_compat.py", line 33, in reraise
    raise value
  File "c:\users\administrator\appdata\local\programs\python\python35\lib\site-packages\flask\app.py", line 1612, in full_dispatch_request
    rv = self.dispatch_request()
  File "c:\users\administrator\appdata\local\programs\python\python35\lib\site-packages\flask\app.py", line 1598, in dispatch_request
    return self.view_functions[rule.endpoint](**req.view_args)
  File "c:\users\administrator\appdata\local\programs\python\python35\lib\site-packages\flask_login\utils.py", line 228, in decorated_view
    return func(*args, **kwargs)
  File "D:/Project/Ei\app\views.py", line 136, in query
    return render_template('query.html', invoices=invoices)
  File "c:\users\administrator\appdata\local\programs\python\python35\lib\site-packages\flask\templating.py", line 133, in render_template
    return _render(ctx.app.jinja_env.get_or_select_template(template_name_or_list),
  File "c:\users\administrator\appdata\local\programs\python\python35\lib\site-packages\jinja2\environment.py", line 869, in get_or_select_template
    return self.get_template(template_name_or_list, parent, globals)
  File "c:\users\administrator\appdata\local\programs\python\python35\lib\site-packages\jinja2\environment.py", line 830, in get_template
    return self._load_template(name, self.make_globals(globals))
  File "c:\users\administrator\appdata\local\programs\python\python35\lib\site-packages\jinja2\environment.py", line 804, in _load_template
    template = self.loader.load(self, name, globals)
  File "c:\users\administrator\appdata\local\programs\python\python35\lib\site-packages\jinja2\loaders.py", line 125, in load
    code = environment.compile(source, name, filename)
  File "c:\users\administrator\appdata\local\programs\python\python35\lib\site-packages\jinja2\environment.py", line 591, in compile
    self.handle_exception(exc_info, source_hint=source_hint)
  File "c:\users\administrator\appdata\local\programs\python\python35\lib\site-packages\jinja2\environment.py", line 780, in handle_exception
    reraise(exc_type, exc_value, tb)
  File "c:\users\administrator\appdata\local\programs\python\python35\lib\site-packages\jinja2\_compat.py", line 37, in reraise
    raise value.with_traceback(tb)
  File "D:\Project\Ei\app\templates\query.html", line 29, in template
    {% if invoice.filename is not '#'%}
  File "c:\users\administrator\appdata\local\programs\python\python35\lib\site-packages\jinja2\environment.py", line 497, in _parse
    return Parser(self, source, name, encode_filename(filename)).parse()
  File "c:\users\administrator\appdata\local\programs\python\python35\lib\site-packages\jinja2\parser.py", line 896, in parse
    result = nodes.Template(self.subparse(), lineno=1)
  File "c:\users\administrator\appdata\local\programs\python\python35\lib\site-packages\jinja2\parser.py", line 878, in subparse
    rv = self.parse_statement()
  File "c:\users\administrator\appdata\local\programs\python\python35\lib\site-packages\jinja2\parser.py", line 130, in parse_statement
    return getattr(self, 'parse_' + self.stream.current.value)()
  File "c:\users\administrator\appdata\local\programs\python\python35\lib\site-packages\jinja2\parser.py", line 268, in parse_block
    node.body = self.parse_statements(('name:endblock',), drop_needle=True)
  File "c:\users\administrator\appdata\local\programs\python\python35\lib\site-packages\jinja2\parser.py", line 165, in parse_statements
    result = self.subparse(end_tokens)
  File "c:\users\administrator\appdata\local\programs\python\python35\lib\site-packages\jinja2\parser.py", line 878, in subparse
    rv = self.parse_statement()
  File "c:\users\administrator\appdata\local\programs\python\python35\lib\site-packages\jinja2\parser.py", line 130, in parse_statement
    return getattr(self, 'parse_' + self.stream.current.value)()
  File "c:\users\administrator\appdata\local\programs\python\python35\lib\site-packages\jinja2\parser.py", line 198, in parse_for
    body = self.parse_statements(('name:endfor', 'name:else'))
  File "c:\users\administrator\appdata\local\programs\python\python35\lib\site-packages\jinja2\parser.py", line 165, in parse_statements
    result = self.subparse(end_tokens)
  File "c:\users\administrator\appdata\local\programs\python\python35\lib\site-packages\jinja2\parser.py", line 878, in subparse
    rv = self.parse_statement()
  File "c:\users\administrator\appdata\local\programs\python\python35\lib\site-packages\jinja2\parser.py", line 130, in parse_statement
    return getattr(self, 'parse_' + self.stream.current.value)()
  File "c:\users\administrator\appdata\local\programs\python\python35\lib\site-packages\jinja2\parser.py", line 210, in parse_if
    node.test = self.parse_tuple(with_condexpr=False)
  File "c:\users\administrator\appdata\local\programs\python\python35\lib\site-packages\jinja2\parser.py", line 615, in parse_tuple
    args.append(parse())
  File "c:\users\administrator\appdata\local\programs\python\python35\lib\site-packages\jinja2\parser.py", line 607, in <lambda>
    parse = lambda: self.parse_expression(with_condexpr=False)
  File "c:\users\administrator\appdata\local\programs\python\python35\lib\site-packages\jinja2\parser.py", line 428, in parse_expression
    return self.parse_or()
  File "c:\users\administrator\appdata\local\programs\python\python35\lib\site-packages\jinja2\parser.py", line 445, in parse_or
    left = self.parse_and()
  File "c:\users\administrator\appdata\local\programs\python\python35\lib\site-packages\jinja2\parser.py", line 454, in parse_and
    left = self.parse_not()
  File "c:\users\administrator\appdata\local\programs\python\python35\lib\site-packages\jinja2\parser.py", line 465, in parse_not
    return self.parse_compare()
  File "c:\users\administrator\appdata\local\programs\python\python35\lib\site-packages\jinja2\parser.py", line 469, in parse_compare
    expr = self.parse_math1()
  File "c:\users\administrator\appdata\local\programs\python\python35\lib\site-packages\jinja2\parser.py", line 491, in parse_math1
    left = self.parse_concat()
  File "c:\users\administrator\appdata\local\programs\python\python35\lib\site-packages\jinja2\parser.py", line 502, in parse_concat
    args = [self.parse_math2()]
  File "c:\users\administrator\appdata\local\programs\python\python35\lib\site-packages\jinja2\parser.py", line 512, in parse_math2
    left = self.parse_pow()
  File "c:\users\administrator\appdata\local\programs\python\python35\lib\site-packages\jinja2\parser.py", line 523, in parse_pow
    left = self.parse_unary()
  File "c:\users\administrator\appdata\local\programs\python\python35\lib\site-packages\jinja2\parser.py", line 544, in parse_unary
    node = self.parse_filter_expr(node)
  File "c:\users\administrator\appdata\local\programs\python\python35\lib\site-packages\jinja2\parser.py", line 682, in parse_filter_expr
    node = self.parse_test(node)
  File "c:\users\administrator\appdata\local\programs\python\python35\lib\site-packages\jinja2\parser.py", line 822, in parse_test
    name = self.stream.expect('name').value
  File "c:\users\administrator\appdata\local\programs\python\python35\lib\site-packages\jinja2\lexer.py", line 386, in expect
    self.name, self.filename)
jinja2.exceptions.TemplateSyntaxError: expected token 'name', got 'string'
2018-01-31 10:55:27,929 - ERROR - app.py - log_exception - 1560 - Exception on /query [GET]
Traceback (most recent call last):
  File "c:\users\administrator\appdata\local\programs\python\python35\lib\site-packages\flask\app.py", line 1982, in wsgi_app
    response = self.full_dispatch_request()
  File "c:\users\administrator\appdata\local\programs\python\python35\lib\site-packages\flask\app.py", line 1614, in full_dispatch_request
    rv = self.handle_user_exception(e)
  File "c:\users\administrator\appdata\local\programs\python\python35\lib\site-packages\flask\app.py", line 1517, in handle_user_exception
    reraise(exc_type, exc_value, tb)
  File "c:\users\administrator\appdata\local\programs\python\python35\lib\site-packages\flask\_compat.py", line 33, in reraise
    raise value
  File "c:\users\administrator\appdata\local\programs\python\python35\lib\site-packages\flask\app.py", line 1612, in full_dispatch_request
    rv = self.dispatch_request()
  File "c:\users\administrator\appdata\local\programs\python\python35\lib\site-packages\flask\app.py", line 1598, in dispatch_request
    return self.view_functions[rule.endpoint](**req.view_args)
  File "c:\users\administrator\appdata\local\programs\python\python35\lib\site-packages\flask_login\utils.py", line 228, in decorated_view
    return func(*args, **kwargs)
  File "D:/Project/Ei\app\views.py", line 136, in query
    return render_template('query.html', invoices=invoices)
  File "c:\users\administrator\appdata\local\programs\python\python35\lib\site-packages\flask\templating.py", line 133, in render_template
    return _render(ctx.app.jinja_env.get_or_select_template(template_name_or_list),
  File "c:\users\administrator\appdata\local\programs\python\python35\lib\site-packages\jinja2\environment.py", line 869, in get_or_select_template
    return self.get_template(template_name_or_list, parent, globals)
  File "c:\users\administrator\appdata\local\programs\python\python35\lib\site-packages\jinja2\environment.py", line 830, in get_template
    return self._load_template(name, self.make_globals(globals))
  File "c:\users\administrator\appdata\local\programs\python\python35\lib\site-packages\jinja2\environment.py", line 804, in _load_template
    template = self.loader.load(self, name, globals)
  File "c:\users\administrator\appdata\local\programs\python\python35\lib\site-packages\jinja2\loaders.py", line 125, in load
    code = environment.compile(source, name, filename)
  File "c:\users\administrator\appdata\local\programs\python\python35\lib\site-packages\jinja2\environment.py", line 591, in compile
    self.handle_exception(exc_info, source_hint=source_hint)
  File "c:\users\administrator\appdata\local\programs\python\python35\lib\site-packages\jinja2\environment.py", line 780, in handle_exception
    reraise(exc_type, exc_value, tb)
  File "c:\users\administrator\appdata\local\programs\python\python35\lib\site-packages\jinja2\_compat.py", line 37, in reraise
    raise value.with_traceback(tb)
  File "D:\Project\Ei\app\templates\query.html", line 29, in template
    {% if invoice.filename is not '#'%}
  File "c:\users\administrator\appdata\local\programs\python\python35\lib\site-packages\jinja2\environment.py", line 497, in _parse
    return Parser(self, source, name, encode_filename(filename)).parse()
  File "c:\users\administrator\appdata\local\programs\python\python35\lib\site-packages\jinja2\parser.py", line 896, in parse
    result = nodes.Template(self.subparse(), lineno=1)
  File "c:\users\administrator\appdata\local\programs\python\python35\lib\site-packages\jinja2\parser.py", line 878, in subparse
    rv = self.parse_statement()
  File "c:\users\administrator\appdata\local\programs\python\python35\lib\site-packages\jinja2\parser.py", line 130, in parse_statement
    return getattr(self, 'parse_' + self.stream.current.value)()
  File "c:\users\administrator\appdata\local\programs\python\python35\lib\site-packages\jinja2\parser.py", line 268, in parse_block
    node.body = self.parse_statements(('name:endblock',), drop_needle=True)
  File "c:\users\administrator\appdata\local\programs\python\python35\lib\site-packages\jinja2\parser.py", line 165, in parse_statements
    result = self.subparse(end_tokens)
  File "c:\users\administrator\appdata\local\programs\python\python35\lib\site-packages\jinja2\parser.py", line 878, in subparse
    rv = self.parse_statement()
  File "c:\users\administrator\appdata\local\programs\python\python35\lib\site-packages\jinja2\parser.py", line 130, in parse_statement
    return getattr(self, 'parse_' + self.stream.current.value)()
  File "c:\users\administrator\appdata\local\programs\python\python35\lib\site-packages\jinja2\parser.py", line 198, in parse_for
    body = self.parse_statements(('name:endfor', 'name:else'))
  File "c:\users\administrator\appdata\local\programs\python\python35\lib\site-packages\jinja2\parser.py", line 165, in parse_statements
    result = self.subparse(end_tokens)
  File "c:\users\administrator\appdata\local\programs\python\python35\lib\site-packages\jinja2\parser.py", line 878, in subparse
    rv = self.parse_statement()
  File "c:\users\administrator\appdata\local\programs\python\python35\lib\site-packages\jinja2\parser.py", line 130, in parse_statement
    return getattr(self, 'parse_' + self.stream.current.value)()
  File "c:\users\administrator\appdata\local\programs\python\python35\lib\site-packages\jinja2\parser.py", line 210, in parse_if
    node.test = self.parse_tuple(with_condexpr=False)
  File "c:\users\administrator\appdata\local\programs\python\python35\lib\site-packages\jinja2\parser.py", line 615, in parse_tuple
    args.append(parse())
  File "c:\users\administrator\appdata\local\programs\python\python35\lib\site-packages\jinja2\parser.py", line 607, in <lambda>
    parse = lambda: self.parse_expression(with_condexpr=False)
  File "c:\users\administrator\appdata\local\programs\python\python35\lib\site-packages\jinja2\parser.py", line 428, in parse_expression
    return self.parse_or()
  File "c:\users\administrator\appdata\local\programs\python\python35\lib\site-packages\jinja2\parser.py", line 445, in parse_or
    left = self.parse_and()
  File "c:\users\administrator\appdata\local\programs\python\python35\lib\site-packages\jinja2\parser.py", line 454, in parse_and
    left = self.parse_not()
  File "c:\users\administrator\appdata\local\programs\python\python35\lib\site-packages\jinja2\parser.py", line 465, in parse_not
    return self.parse_compare()
  File "c:\users\administrator\appdata\local\programs\python\python35\lib\site-packages\jinja2\parser.py", line 469, in parse_compare
    expr = self.parse_math1()
  File "c:\users\administrator\appdata\local\programs\python\python35\lib\site-packages\jinja2\parser.py", line 491, in parse_math1
    left = self.parse_concat()
  File "c:\users\administrator\appdata\local\programs\python\python35\lib\site-packages\jinja2\parser.py", line 502, in parse_concat
    args = [self.parse_math2()]
  File "c:\users\administrator\appdata\local\programs\python\python35\lib\site-packages\jinja2\parser.py", line 512, in parse_math2
    left = self.parse_pow()
  File "c:\users\administrator\appdata\local\programs\python\python35\lib\site-packages\jinja2\parser.py", line 523, in parse_pow
    left = self.parse_unary()
  File "c:\users\administrator\appdata\local\programs\python\python35\lib\site-packages\jinja2\parser.py", line 544, in parse_unary
    node = self.parse_filter_expr(node)
  File "c:\users\administrator\appdata\local\programs\python\python35\lib\site-packages\jinja2\parser.py", line 682, in parse_filter_expr
    node = self.parse_test(node)
  File "c:\users\administrator\appdata\local\programs\python\python35\lib\site-packages\jinja2\parser.py", line 822, in parse_test
    name = self.stream.expect('name').value
  File "c:\users\administrator\appdata\local\programs\python\python35\lib\site-packages\jinja2\lexer.py", line 386, in expect
    self.name, self.filename)
jinja2.exceptions.TemplateSyntaxError: expected token 'name', got 'string'
2018-01-31 10:55:29,897 - ERROR - app.py - log_exception - 1560 - Exception on /adminquery [GET]
Traceback (most recent call last):
  File "c:\users\administrator\appdata\local\programs\python\python35\lib\site-packages\flask\app.py", line 1982, in wsgi_app
    response = self.full_dispatch_request()
  File "c:\users\administrator\appdata\local\programs\python\python35\lib\site-packages\flask\app.py", line 1614, in full_dispatch_request
    rv = self.handle_user_exception(e)
  File "c:\users\administrator\appdata\local\programs\python\python35\lib\site-packages\flask\app.py", line 1517, in handle_user_exception
    reraise(exc_type, exc_value, tb)
  File "c:\users\administrator\appdata\local\programs\python\python35\lib\site-packages\flask\_compat.py", line 33, in reraise
    raise value
  File "c:\users\administrator\appdata\local\programs\python\python35\lib\site-packages\flask\app.py", line 1612, in full_dispatch_request
    rv = self.dispatch_request()
  File "c:\users\administrator\appdata\local\programs\python\python35\lib\site-packages\flask\app.py", line 1598, in dispatch_request
    return self.view_functions[rule.endpoint](**req.view_args)
  File "c:\users\administrator\appdata\local\programs\python\python35\lib\site-packages\flask_login\utils.py", line 228, in decorated_view
    return func(*args, **kwargs)
  File "D:/Project/Ei\app\decorators.py", line 12, in decorated_function
    return f(*args, **kwargs)
  File "D:/Project/Ei\app\views.py", line 156, in adminquery
    return render_template('adminquery.html', form=form)
  File "c:\users\administrator\appdata\local\programs\python\python35\lib\site-packages\flask\templating.py", line 133, in render_template
    return _render(ctx.app.jinja_env.get_or_select_template(template_name_or_list),
  File "c:\users\administrator\appdata\local\programs\python\python35\lib\site-packages\jinja2\environment.py", line 869, in get_or_select_template
    return self.get_template(template_name_or_list, parent, globals)
  File "c:\users\administrator\appdata\local\programs\python\python35\lib\site-packages\jinja2\environment.py", line 830, in get_template
    return self._load_template(name, self.make_globals(globals))
  File "c:\users\administrator\appdata\local\programs\python\python35\lib\site-packages\jinja2\environment.py", line 804, in _load_template
    template = self.loader.load(self, name, globals)
  File "c:\users\administrator\appdata\local\programs\python\python35\lib\site-packages\jinja2\loaders.py", line 125, in load
    code = environment.compile(source, name, filename)
  File "c:\users\administrator\appdata\local\programs\python\python35\lib\site-packages\jinja2\environment.py", line 591, in compile
    self.handle_exception(exc_info, source_hint=source_hint)
  File "c:\users\administrator\appdata\local\programs\python\python35\lib\site-packages\jinja2\environment.py", line 780, in handle_exception
    reraise(exc_type, exc_value, tb)
  File "c:\users\administrator\appdata\local\programs\python\python35\lib\site-packages\jinja2\_compat.py", line 37, in reraise
    raise value.with_traceback(tb)
  File "D:\Project\Ei\app\templates\adminquery.html", line 41, in template
    {% if invoice.filename is not '#'%}
  File "c:\users\administrator\appdata\local\programs\python\python35\lib\site-packages\jinja2\environment.py", line 497, in _parse
    return Parser(self, source, name, encode_filename(filename)).parse()
  File "c:\users\administrator\appdata\local\programs\python\python35\lib\site-packages\jinja2\parser.py", line 896, in parse
    result = nodes.Template(self.subparse(), lineno=1)
  File "c:\users\administrator\appdata\local\programs\python\python35\lib\site-packages\jinja2\parser.py", line 878, in subparse
    rv = self.parse_statement()
  File "c:\users\administrator\appdata\local\programs\python\python35\lib\site-packages\jinja2\parser.py", line 130, in parse_statement
    return getattr(self, 'parse_' + self.stream.current.value)()
  File "c:\users\administrator\appdata\local\programs\python\python35\lib\site-packages\jinja2\parser.py", line 268, in parse_block
    node.body = self.parse_statements(('name:endblock',), drop_needle=True)
  File "c:\users\administrator\appdata\local\programs\python\python35\lib\site-packages\jinja2\parser.py", line 165, in parse_statements
    result = self.subparse(end_tokens)
  File "c:\users\administrator\appdata\local\programs\python\python35\lib\site-packages\jinja2\parser.py", line 878, in subparse
    rv = self.parse_statement()
  File "c:\users\administrator\appdata\local\programs\python\python35\lib\site-packages\jinja2\parser.py", line 130, in parse_statement
    return getattr(self, 'parse_' + self.stream.current.value)()
  File "c:\users\administrator\appdata\local\programs\python\python35\lib\site-packages\jinja2\parser.py", line 198, in parse_for
    body = self.parse_statements(('name:endfor', 'name:else'))
  File "c:\users\administrator\appdata\local\programs\python\python35\lib\site-packages\jinja2\parser.py", line 165, in parse_statements
    result = self.subparse(end_tokens)
  File "c:\users\administrator\appdata\local\programs\python\python35\lib\site-packages\jinja2\parser.py", line 878, in subparse
    rv = self.parse_statement()
  File "c:\users\administrator\appdata\local\programs\python\python35\lib\site-packages\jinja2\parser.py", line 130, in parse_statement
    return getattr(self, 'parse_' + self.stream.current.value)()
  File "c:\users\administrator\appdata\local\programs\python\python35\lib\site-packages\jinja2\parser.py", line 198, in parse_for
    body = self.parse_statements(('name:endfor', 'name:else'))
  File "c:\users\administrator\appdata\local\programs\python\python35\lib\site-packages\jinja2\parser.py", line 165, in parse_statements
    result = self.subparse(end_tokens)
  File "c:\users\administrator\appdata\local\programs\python\python35\lib\site-packages\jinja2\parser.py", line 878, in subparse
    rv = self.parse_statement()
  File "c:\users\administrator\appdata\local\programs\python\python35\lib\site-packages\jinja2\parser.py", line 130, in parse_statement
    return getattr(self, 'parse_' + self.stream.current.value)()
  File "c:\users\administrator\appdata\local\programs\python\python35\lib\site-packages\jinja2\parser.py", line 210, in parse_if
    node.test = self.parse_tuple(with_condexpr=False)
  File "c:\users\administrator\appdata\local\programs\python\python35\lib\site-packages\jinja2\parser.py", line 615, in parse_tuple
    args.append(parse())
  File "c:\users\administrator\appdata\local\programs\python\python35\lib\site-packages\jinja2\parser.py", line 607, in <lambda>
    parse = lambda: self.parse_expression(with_condexpr=False)
  File "c:\users\administrator\appdata\local\programs\python\python35\lib\site-packages\jinja2\parser.py", line 428, in parse_expression
    return self.parse_or()
  File "c:\users\administrator\appdata\local\programs\python\python35\lib\site-packages\jinja2\parser.py", line 445, in parse_or
    left = self.parse_and()
  File "c:\users\administrator\appdata\local\programs\python\python35\lib\site-packages\jinja2\parser.py", line 454, in parse_and
    left = self.parse_not()
  File "c:\users\administrator\appdata\local\programs\python\python35\lib\site-packages\jinja2\parser.py", line 465, in parse_not
    return self.parse_compare()
  File "c:\users\administrator\appdata\local\programs\python\python35\lib\site-packages\jinja2\parser.py", line 469, in parse_compare
    expr = self.parse_math1()
  File "c:\users\administrator\appdata\local\programs\python\python35\lib\site-packages\jinja2\parser.py", line 491, in parse_math1
    left = self.parse_concat()
  File "c:\users\administrator\appdata\local\programs\python\python35\lib\site-packages\jinja2\parser.py", line 502, in parse_concat
    args = [self.parse_math2()]
  File "c:\users\administrator\appdata\local\programs\python\python35\lib\site-packages\jinja2\parser.py", line 512, in parse_math2
    left = self.parse_pow()
  File "c:\users\administrator\appdata\local\programs\python\python35\lib\site-packages\jinja2\parser.py", line 523, in parse_pow
    left = self.parse_unary()
  File "c:\users\administrator\appdata\local\programs\python\python35\lib\site-packages\jinja2\parser.py", line 544, in parse_unary
    node = self.parse_filter_expr(node)
  File "c:\users\administrator\appdata\local\programs\python\python35\lib\site-packages\jinja2\parser.py", line 682, in parse_filter_expr
    node = self.parse_test(node)
  File "c:\users\administrator\appdata\local\programs\python\python35\lib\site-packages\jinja2\parser.py", line 822, in parse_test
    name = self.stream.expect('name').value
  File "c:\users\administrator\appdata\local\programs\python\python35\lib\site-packages\jinja2\lexer.py", line 386, in expect
    self.name, self.filename)
jinja2.exceptions.TemplateSyntaxError: expected token 'name', got 'string'
2018-01-31 10:56:15,630 - WARNING - views.py - main - 28 - 600116 upload file 2捕获.JPG success
2018-01-31 10:56:15,753 - WARNING - views.py - InvoiceRegister - 125 - user 600116's file 2捕获.JPG analysis success
2018-01-31 10:56:23,096 - WARNING - views.py - InvoiceRegister - 108 - 600116 regist invoice 46321481 success
2018-01-31 10:57:27,092 - WARNING - views.py - main - 28 - 600116 upload file 2捕获.JPG success
2018-01-31 10:57:27,154 - WARNING - views.py - InvoiceRegister - 125 - user 600116's file 2捕获.JPG analysis success
2018-01-31 10:57:41,452 - WARNING - views.py - main - 28 - 600116 upload file 01100160011146321481.pdf success
2018-01-31 10:57:43,572 - WARNING - views.py - InvoiceRegister - 125 - user 600116's file 01100160011146321481.pdf analysis success
